# JRE version: OpenJDK Runtime Environment (8.0_152-b01) (build 1.8.0_152-release-1248-b01)
# Java VM: OpenJDK 64-Bit Server VM (25.152-b01 mixed mode windows-amd64 compressed oops)
Heap:
 PSYoungGen      total 116224K, used 63735K [0x000000078b300000, 0x0000000794980000, 0x00000007c0000000)
  eden space 104960K, 50% used [0x000000078b300000,0x000000078e6a7d90,0x0000000791980000)
  from space 11264K, 96% used [0x0000000791980000,0x0000000792416108,0x0000000792480000)
  to   space 12800K, 0% used [0x0000000793d00000,0x0000000793d00000,0x0000000794980000)
 ParOldGen       total 55808K, used 28190K [0x0000000721800000, 0x0000000724e80000, 0x000000078b300000)
  object space 55808K, 50% used [0x0000000721800000,0x0000000723387938,0x0000000724e80000)
 Metaspace       used 55572K, capacity 56918K, committed 57216K, reserved 1097728K
  class space    used 7594K, capacity 7941K, committed 8064K, reserved 1048576K
GC Heap History (10 events):
Event: 8.911 GC heap before
{Heap before GC invocations=11 (full 1):
 PSYoungGen      total 67072K, used 65378K [0x000000078b300000, 0x0000000791200000, 0x00000007c0000000)
  eden space 59392K, 100% used [0x000000078b300000,0x000000078ed00000,0x000000078ed00000)
  from space 7680K, 77% used [0x000000078ed00000,0x000000078f2d8b90,0x000000078f480000)
  to   space 8192K, 0% used [0x0000000790a00000,0x0000000790a00000,0x0000000791200000)
 ParOldGen       total 32768K, used 7572K [0x0000000721800000, 0x0000000723800000, 0x000000078b300000)
  object space 32768K, 23% used [0x0000000721800000,0x0000000721f65118,0x0000000723800000)
 Metaspace       used 30076K, capacity 30706K, committed 30848K, reserved 1075200K
  class space    used 4221K, capacity 4440K, committed 4480K, reserved 1048576K
Event: 8.941 GC heap after
Heap after GC invocations=11 (full 1):
 PSYoungGen      total 88064K, used 8190K [0x000000078b300000, 0x0000000791400000, 0x00000007c0000000)
  eden space 79872K, 0% used [0x000000078b300000,0x000000078b300000,0x0000000790100000)
  from space 8192K, 99% used [0x0000000790a00000,0x00000007911ff880,0x0000000791200000)
  to   space 9216K, 0% used [0x0000000790100000,0x0000000790100000,0x0000000790a00000)
 ParOldGen       total 32768K, used 7996K [0x0000000721800000, 0x0000000723800000, 0x000000078b300000)
  object space 32768K, 24% used [0x0000000721800000,0x0000000721fcf370,0x0000000723800000)
 Metaspace       used 30076K, capacity 30706K, committed 30848K, reserved 1075200K
  class space    used 4221K, capacity 4440K, committed 4480K, reserved 1048576K
}
Event: 10.708 GC heap before
{Heap before GC invocations=12 (full 1):
 PSYoungGen      total 88064K, used 56013K [0x000000078b300000, 0x0000000791400000, 0x00000007c0000000)
  eden space 79872K, 59% used [0x000000078b300000,0x000000078e1b3db0,0x0000000790100000)
  from space 8192K, 99% used [0x0000000790a00000,0x00000007911ff880,0x0000000791200000)
  to   space 9216K, 0% used [0x0000000790100000,0x0000000790100000,0x0000000790a00000)
 ParOldGen       total 32768K, used 7996K [0x0000000721800000, 0x0000000723800000, 0x000000078b300000)
  object space 32768K, 24% used [0x0000000721800000,0x0000000721fcf370,0x0000000723800000)
 Metaspace       used 34814K, capacity 35476K, committed 35496K, reserved 1079296K
  class space    used 4874K, capacity 5114K, committed 5120K, reserved 1048576K
Event: 10.755 GC heap after
Heap after GC invocations=12 (full 1):
 PSYoungGen      total 89088K, used 5233K [0x000000078b300000, 0x0000000792f80000, 0x00000007c0000000)
  eden space 79872K, 0% used [0x000000078b300000,0x000000078b300000,0x0000000790100000)
  from space 9216K, 56% used [0x0000000790100000,0x000000079061c450,0x0000000790a00000)
  to   space 8704K, 0% used [0x0000000792700000,0x0000000792700000,0x0000000792f80000)
 ParOldGen       total 32768K, used 13391K [0x0000000721800000, 0x0000000723800000, 0x000000078b300000)
  object space 32768K, 40% used [0x0000000721800000,0x0000000722513fc0,0x0000000723800000)
 Metaspace       used 34814K, capacity 35476K, committed 35496K, reserved 1079296K
  class space    used 4874K, capacity 5114K, committed 5120K, reserved 1048576K
}
Event: 10.755 GC heap before
{Heap before GC invocations=13 (full 2):
 PSYoungGen      total 89088K, used 5233K [0x000000078b300000, 0x0000000792f80000, 0x00000007c0000000)
  eden space 79872K, 0% used [0x000000078b300000,0x000000078b300000,0x0000000790100000)
  from space 9216K, 56% used [0x0000000790100000,0x000000079061c450,0x0000000790a00000)
  to   space 8704K, 0% used [0x0000000792700000,0x0000000792700000,0x0000000792f80000)
 ParOldGen       total 32768K, used 13391K [0x0000000721800000, 0x0000000723800000, 0x000000078b300000)
  object space 32768K, 40% used [0x0000000721800000,0x0000000722513fc0,0x0000000723800000)
 Metaspace       used 34814K, capacity 35476K, committed 35496K, reserved 1079296K
  class space    used 4874K, capacity 5114K, committed 5120K, reserved 1048576K
Event: 10.891 GC heap after
Heap after GC invocations=13 (full 2):
 PSYoungGen      total 89088K, used 0K [0x000000078b300000, 0x0000000792f80000, 0x00000007c0000000)
  eden space 79872K, 0% used [0x000000078b300000,0x000000078b300000,0x0000000790100000)
  from space 9216K, 0% used [0x0000000790100000,0x0000000790100000,0x0000000790a00000)
  to   space 8704K, 0% used [0x0000000792700000,0x0000000792700000,0x0000000792f80000)
 ParOldGen       total 55808K, used 17305K [0x0000000721800000, 0x0000000724e80000, 0x000000078b300000)
  object space 55808K, 31% used [0x0000000721800000,0x00000007228e66f8,0x0000000724e80000)
 Metaspace       used 34814K, capacity 35476K, committed 35496K, reserved 1079296K
  class space    used 4874K, capacity 5114K, committed 5120K, reserved 1048576K
}
Event: 12.446 GC heap before
{Heap before GC invocations=14 (full 2):
 PSYoungGen      total 89088K, used 79872K [0x000000078b300000, 0x0000000792f80000, 0x00000007c0000000)
  eden space 79872K, 100% used [0x000000078b300000,0x0000000790100000,0x0000000790100000)
  from space 9216K, 0% used [0x0000000790100000,0x0000000790100000,0x0000000790a00000)
  to   space 8704K, 0% used [0x0000000792700000,0x0000000792700000,0x0000000792f80000)
 ParOldGen       total 55808K, used 17305K [0x0000000721800000, 0x0000000724e80000, 0x000000078b300000)
  object space 55808K, 31% used [0x0000000721800000,0x00000007228e66f8,0x0000000724e80000)
 Metaspace       used 42102K, capacity 42922K, committed 43136K, reserved 1087488K
  class space    used 5720K, capacity 6003K, committed 6016K, reserved 1048576K
Event: 12.466 GC heap after
Heap after GC invocations=14 (full 2):
 PSYoungGen      total 110592K, used 8701K [0x000000078b300000, 0x0000000792f80000, 0x00000007c0000000)
  eden space 101888K, 0% used [0x000000078b300000,0x000000078b300000,0x0000000791680000)
  from space 8704K, 99% used [0x0000000792700000,0x0000000792f7f490,0x0000000792f80000)
  to   space 11264K, 0% used [0x0000000791980000,0x0000000791980000,0x0000000792480000)
 ParOldGen       total 55808K, used 21181K [0x0000000721800000, 0x0000000724e80000, 0x000000078b300000)
  object space 55808K, 37% used [0x0000000721800000,0x0000000722caf780,0x0000000724e80000)
 Metaspace       used 42102K, capacity 42922K, committed 43136K, reserved 1087488K
  class space    used 5720K, capacity 6003K, committed 6016K, reserved 1048576K
}
Event: 14.669 GC heap before
{Heap before GC invocations=15 (full 2):
 PSYoungGen      total 110592K, used 110589K [0x000000078b300000, 0x0000000792f80000, 0x00000007c0000000)
  eden space 101888K, 100% used [0x000000078b300000,0x0000000791680000,0x0000000791680000)
  from space 8704K, 99% used [0x0000000792700000,0x0000000792f7f490,0x0000000792f80000)
  to   space 11264K, 0% used [0x0000000791980000,0x0000000791980000,0x0000000792480000)
 ParOldGen       total 55808K, used 21181K [0x0000000721800000, 0x0000000724e80000, 0x000000078b300000)
  object space 55808K, 37% used [0x0000000721800000,0x0000000722caf780,0x0000000724e80000)
 Metaspace       used 52107K, capacity 53300K, committed 53504K, reserved 1095680K
  class space    used 7049K, capacity 7407K, committed 7424K, reserved 1048576K
Event: 14.693 GC heap after
Heap after GC invocations=15 (full 2):
 PSYoungGen      total 116224K, used 10840K [0x000000078b300000, 0x0000000794980000, 0x00000007c0000000)
  eden space 104960K, 0% used [0x000000078b300000,0x000000078b300000,0x0000000791980000)
  from space 11264K, 96% used [0x0000000791980000,0x0000000792416108,0x0000000792480000)
  to   space 12800K, 0% used [0x0000000793d00000,0x0000000793d00000,0x0000000794980000)
 ParOldGen       total 55808K, used 28190K [0x0000000721800000, 0x0000000724e80000, 0x000000078b300000)
  object space 55808K, 50% used [0x0000000721800000,0x0000000723387938,0x0000000724e80000)
 Metaspace       used 52107K, capacity 53300K, committed 53504K, reserved 1095680K
  class space    used 7049K, capacity 7407K, committed 7424K, reserved 1048576K
}

