# JRE version: OpenJDK Runtime Environment (8.0_152-b01) (build 1.8.0_152-release-1248-b01)
# Java VM: OpenJDK 64-Bit Server VM (25.152-b01 mixed mode windows-amd64 compressed oops)
Heap:
 PSYoungGen      total 115712K, used 18189K [0x000000078b300000, 0x0000000794c80000, 0x00000007c0000000)
  eden space 102912K, 17% used [0x000000078b300000,0x000000078c4c3650,0x0000000791780000)
  from space 12800K, 0% used [0x0000000791780000,0x0000000791780000,0x0000000792400000)
  to   space 12800K, 0% used [0x0000000794000000,0x0000000794000000,0x0000000794c80000)
 ParOldGen       total 44032K, used 28799K [0x0000000721800000, 0x0000000724300000, 0x000000078b300000)
  object space 44032K, 65% used [0x0000000721800000,0x000000072341fe78,0x0000000724300000)
 Metaspace       used 57908K, capacity 59448K, committed 59648K, reserved 1099776K
  class space    used 7926K, capacity 8327K, committed 8448K, reserved 1048576K
GC Heap History (10 events):
Event: 70.403 GC heap before
{Heap before GC invocations=18 (full 2):
 PSYoungGen      total 65024K, used 59468K [0x000000078b300000, 0x0000000791780000, 0x00000007c0000000)
  eden space 59904K, 99% used [0x000000078b300000,0x000000078ed132c8,0x000000078ed80000)
  from space 5120K, 0% used [0x000000078ed80000,0x000000078ed80000,0x000000078f280000)
  to   space 6656K, 0% used [0x0000000791100000,0x0000000791100000,0x0000000791780000)
 ParOldGen       total 44032K, used 17158K [0x0000000721800000, 0x0000000724300000, 0x000000078b300000)
  object space 44032K, 38% used [0x0000000721800000,0x00000007228c1820,0x0000000724300000)
 Metaspace       used 40878K, capacity 41638K, committed 41984K, reserved 1085440K
  class space    used 5542K, capacity 5795K, committed 5888K, reserved 1048576K
Event: 70.418 GC heap after
Heap after GC invocations=18 (full 2):
 PSYoungGen      total 90112K, used 6639K [0x000000078b300000, 0x0000000791780000, 0x00000007c0000000)
  eden space 83456K, 0% used [0x000000078b300000,0x000000078b300000,0x0000000790480000)
  from space 6656K, 99% used [0x0000000791100000,0x000000079177bca0,0x0000000791780000)
  to   space 8704K, 0% used [0x0000000790680000,0x0000000790680000,0x0000000790f00000)
 ParOldGen       total 44032K, used 20266K [0x0000000721800000, 0x0000000724300000, 0x000000078b300000)
  object space 44032K, 46% used [0x0000000721800000,0x0000000722bca898,0x0000000724300000)
 Metaspace       used 40878K, capacity 41638K, committed 41984K, reserved 1085440K
  class space    used 5542K, capacity 5795K, committed 5888K, reserved 1048576K
}
Event: 73.380 GC heap before
{Heap before GC invocations=19 (full 2):
 PSYoungGen      total 90112K, used 90095K [0x000000078b300000, 0x0000000791780000, 0x00000007c0000000)
  eden space 83456K, 100% used [0x000000078b300000,0x0000000790480000,0x0000000790480000)
  from space 6656K, 99% used [0x0000000791100000,0x000000079177bca0,0x0000000791780000)
  to   space 8704K, 0% used [0x0000000790680000,0x0000000790680000,0x0000000790f00000)
 ParOldGen       total 44032K, used 20266K [0x0000000721800000, 0x0000000724300000, 0x000000078b300000)
  object space 44032K, 46% used [0x0000000721800000,0x0000000722bca898,0x0000000724300000)
 Metaspace       used 47989K, capacity 48892K, committed 49280K, reserved 1091584K
  class space    used 6482K, capacity 6755K, committed 6784K, reserved 1048576K
Event: 73.400 GC heap after
Heap after GC invocations=19 (full 2):
 PSYoungGen      total 94208K, used 8691K [0x000000078b300000, 0x0000000792f00000, 0x00000007c0000000)
  eden space 85504K, 0% used [0x000000078b300000,0x000000078b300000,0x0000000790680000)
  from space 8704K, 99% used [0x0000000790680000,0x0000000790efcf38,0x0000000790f00000)
  to   space 11264K, 0% used [0x0000000792400000,0x0000000792400000,0x0000000792f00000)
 ParOldGen       total 44032K, used 24911K [0x0000000721800000, 0x0000000724300000, 0x000000078b300000)
  object space 44032K, 56% used [0x0000000721800000,0x0000000723053e40,0x0000000724300000)
 Metaspace       used 47989K, capacity 48892K, committed 49280K, reserved 1091584K
  class space    used 6482K, capacity 6755K, committed 6784K, reserved 1048576K
}
Event: 76.251 GC heap before
{Heap before GC invocations=20 (full 2):
 PSYoungGen      total 94208K, used 94195K [0x000000078b300000, 0x0000000792f00000, 0x00000007c0000000)
  eden space 85504K, 100% used [0x000000078b300000,0x0000000790680000,0x0000000790680000)
  from space 8704K, 99% used [0x0000000790680000,0x0000000790efcf38,0x0000000790f00000)
  to   space 11264K, 0% used [0x0000000792400000,0x0000000792400000,0x0000000792f00000)
 ParOldGen       total 44032K, used 24911K [0x0000000721800000, 0x0000000724300000, 0x000000078b300000)
  object space 44032K, 56% used [0x0000000721800000,0x0000000723053e40,0x0000000724300000)
 Metaspace       used 55675K, capacity 57012K, committed 57216K, reserved 1097728K
  class space    used 7594K, capacity 7975K, committed 8064K, reserved 1048576K
Event: 76.329 GC heap after
Heap after GC invocations=20 (full 2):
 PSYoungGen      total 114176K, used 10481K [0x000000078b300000, 0x0000000793700000, 0x00000007c0000000)
  eden space 102912K, 0% used [0x000000078b300000,0x000000078b300000,0x0000000791780000)
  from space 11264K, 93% used [0x0000000792400000,0x0000000792e3c620,0x0000000792f00000)
  to   space 12800K, 0% used [0x0000000791780000,0x0000000791780000,0x0000000792400000)
 ParOldGen       total 44032K, used 30029K [0x0000000721800000, 0x0000000724300000, 0x000000078b300000)
  object space 44032K, 68% used [0x0000000721800000,0x0000000723553420,0x0000000724300000)
 Metaspace       used 55675K, capacity 57012K, committed 57216K, reserved 1097728K
  class space    used 7594K, capacity 7975K, committed 8064K, reserved 1048576K
}
Event: 77.741 GC heap before
{Heap before GC invocations=21 (full 2):
 PSYoungGen      total 114176K, used 34099K [0x000000078b300000, 0x0000000793700000, 0x00000007c0000000)
  eden space 102912K, 22% used [0x000000078b300000,0x000000078ca10618,0x0000000791780000)
  from space 11264K, 93% used [0x0000000792400000,0x0000000792e3c620,0x0000000792f00000)
  to   space 12800K, 0% used [0x0000000791780000,0x0000000791780000,0x0000000792400000)
 ParOldGen       total 44032K, used 30029K [0x0000000721800000, 0x0000000724300000, 0x000000078b300000)
  object space 44032K, 68% used [0x0000000721800000,0x0000000723553420,0x0000000724300000)
 Metaspace       used 57302K, capacity 58906K, committed 59008K, reserved 1099776K
  class space    used 7845K, capacity 8258K, committed 8320K, reserved 1048576K
Event: 77.759 GC heap after
Heap after GC invocations=21 (full 2):
 PSYoungGen      total 115712K, used 2505K [0x000000078b300000, 0x0000000794c80000, 0x00000007c0000000)
  eden space 102912K, 0% used [0x000000078b300000,0x000000078b300000,0x0000000791780000)
  from space 12800K, 19% used [0x0000000791780000,0x00000007919f2660,0x0000000792400000)
  to   space 12800K, 0% used [0x0000000794000000,0x0000000794000000,0x0000000794c80000)
 ParOldGen       total 44032K, used 33840K [0x0000000721800000, 0x0000000724300000, 0x000000078b300000)
  object space 44032K, 76% used [0x0000000721800000,0x000000072390c258,0x0000000724300000)
 Metaspace       used 57302K, capacity 58906K, committed 59008K, reserved 1099776K
  class space    used 7845K, capacity 8258K, committed 8320K, reserved 1048576K
}
Event: 77.759 GC heap before
{Heap before GC invocations=22 (full 3):
 PSYoungGen      total 115712K, used 2505K [0x000000078b300000, 0x0000000794c80000, 0x00000007c0000000)
  eden space 102912K, 0% used [0x000000078b300000,0x000000078b300000,0x0000000791780000)
  from space 12800K, 19% used [0x0000000791780000,0x00000007919f2660,0x0000000792400000)
  to   space 12800K, 0% used [0x0000000794000000,0x0000000794000000,0x0000000794c80000)
 ParOldGen       total 44032K, used 33840K [0x0000000721800000, 0x0000000724300000, 0x000000078b300000)
  object space 44032K, 76% used [0x0000000721800000,0x000000072390c258,0x0000000724300000)
 Metaspace       used 57302K, capacity 58906K, committed 59008K, reserved 1099776K
  class space    used 7845K, capacity 8258K, committed 8320K, reserved 1048576K
Event: 78.195 GC heap after
Heap after GC invocations=22 (full 3):
 PSYoungGen      total 115712K, used 0K [0x000000078b300000, 0x0000000794c80000, 0x00000007c0000000)
  eden space 102912K, 0% used [0x000000078b300000,0x000000078b300000,0x0000000791780000)
  from space 12800K, 0% used [0x0000000791780000,0x0000000791780000,0x0000000792400000)
  to   space 12800K, 0% used [0x0000000794000000,0x0000000794000000,0x0000000794c80000)
 ParOldGen       total 44032K, used 28799K [0x0000000721800000, 0x0000000724300000, 0x000000078b300000)
  object space 44032K, 65% used [0x0000000721800000,0x000000072341fe78,0x0000000724300000)
 Metaspace       used 57302K, capacity 58906K, committed 59008K, reserved 1099776K
  class space    used 7845K, capacity 8258K, committed 8320K, reserved 1048576K
}

