# JRE version: OpenJDK Runtime Environment (8.0_152-b01) (build 1.8.0_152-release-1248-b01)
# Java VM: OpenJDK 64-Bit Server VM (25.152-b01 mixed mode windows-amd64 compressed oops)
Heap:
 PSYoungGen      total 137216K, used 93360K [0x0000000787000000, 0x0000000793480000, 0x00000007c0000000)
  eden space 125440K, 74% used [0x0000000787000000,0x000000078cb2c1f8,0x000000078ea80000)
  from space 11776K, 0% used [0x000000078f580000,0x000000078f580000,0x0000000790100000)
  to   space 11264K, 0% used [0x000000078ea80000,0x000000078ea80000,0x000000078f580000)
 ParOldGen       total 48128K, used 14345K [0x0000000715000000, 0x0000000717f00000, 0x0000000787000000)
  object space 48128K, 29% used [0x0000000715000000,0x0000000715e02520,0x0000000717f00000)
 Metaspace       used 42542K, capacity 43362K, committed 43560K, reserved 1087488K
  class space    used 5771K, capacity 6086K, committed 6192K, reserved 1048576K
GC Heap History (10 events):
Event: 3.745 GC heap before
{Heap before GC invocations=8 (full 1):
 PSYoungGen      total 70144K, used 7538K [0x0000000787000000, 0x000000078fb00000, 0x00000007c0000000)
  eden space 62464K, 0% used [0x0000000787000000,0x0000000787000000,0x000000078ad00000)
  from space 7680K, 98% used [0x000000078ad00000,0x000000078b45c910,0x000000078b480000)
  to   space 8704K, 0% used [0x000000078f280000,0x000000078f280000,0x000000078fb00000)
 ParOldGen       total 42496K, used 7287K [0x0000000715000000, 0x0000000717980000, 0x0000000787000000)
  object space 42496K, 17% used [0x0000000715000000,0x000000071571dd98,0x0000000717980000)
 Metaspace       used 20778K, capacity 21250K, committed 21296K, reserved 1067008K
  class space    used 2905K, capacity 3089K, committed 3120K, reserved 1048576K
Event: 3.797 GC heap after
Heap after GC invocations=8 (full 1):
 PSYoungGen      total 70144K, used 0K [0x0000000787000000, 0x000000078fb00000, 0x00000007c0000000)
  eden space 62464K, 0% used [0x0000000787000000,0x0000000787000000,0x000000078ad00000)
  from space 7680K, 0% used [0x000000078ad00000,0x000000078ad00000,0x000000078b480000)
  to   space 8704K, 0% used [0x000000078f280000,0x000000078f280000,0x000000078fb00000)
 ParOldGen       total 36352K, used 9756K [0x0000000715000000, 0x0000000717380000, 0x0000000787000000)
  object space 36352K, 26% used [0x0000000715000000,0x0000000715987350,0x0000000717380000)
 Metaspace       used 20778K, capacity 21250K, committed 21296K, reserved 1067008K
  class space    used 2905K, capacity 3089K, committed 3120K, reserved 1048576K
}
Event: 5.062 GC heap before
{Heap before GC invocations=9 (full 1):
 PSYoungGen      total 70144K, used 62464K [0x0000000787000000, 0x000000078fb00000, 0x00000007c0000000)
  eden space 62464K, 100% used [0x0000000787000000,0x000000078ad00000,0x000000078ad00000)
  from space 7680K, 0% used [0x000000078ad00000,0x000000078ad00000,0x000000078b480000)
  to   space 8704K, 0% used [0x000000078f280000,0x000000078f280000,0x000000078fb00000)
 ParOldGen       total 36352K, used 9756K [0x0000000715000000, 0x0000000717380000, 0x0000000787000000)
  object space 36352K, 26% used [0x0000000715000000,0x0000000715987350,0x0000000717380000)
 Metaspace       used 27082K, capacity 27664K, committed 27696K, reserved 1073152K
  class space    used 3685K, capacity 3876K, committed 3888K, reserved 1048576K
Event: 5.073 GC heap after
Heap after GC invocations=9 (full 1):
 PSYoungGen      total 102912K, used 6875K [0x0000000787000000, 0x000000078f980000, 0x00000007c0000000)
  eden space 95744K, 0% used [0x0000000787000000,0x0000000787000000,0x000000078cd80000)
  from space 7168K, 95% used [0x000000078f280000,0x000000078f936fe8,0x000000078f980000)
  to   space 9216K, 0% used [0x000000078e780000,0x000000078e780000,0x000000078f080000)
 ParOldGen       total 36352K, used 9764K [0x0000000715000000, 0x0000000717380000, 0x0000000787000000)
  object space 36352K, 26% used [0x0000000715000000,0x0000000715989350,0x0000000717380000)
 Metaspace       used 27082K, capacity 27664K, committed 27696K, reserved 1073152K
  class space    used 3685K, capacity 3876K, committed 3888K, reserved 1048576K
}
Event: 7.566 GC heap before
{Heap before GC invocations=10 (full 1):
 PSYoungGen      total 102912K, used 102619K [0x0000000787000000, 0x000000078f980000, 0x00000007c0000000)
  eden space 95744K, 100% used [0x0000000787000000,0x000000078cd80000,0x000000078cd80000)
  from space 7168K, 95% used [0x000000078f280000,0x000000078f936fe8,0x000000078f980000)
  to   space 9216K, 0% used [0x000000078e780000,0x000000078e780000,0x000000078f080000)
 ParOldGen       total 36352K, used 9764K [0x0000000715000000, 0x0000000717380000, 0x0000000787000000)
  object space 36352K, 26% used [0x0000000715000000,0x0000000715989350,0x0000000717380000)
 Metaspace       used 34192K, capacity 34814K, committed 34992K, reserved 1079296K
  class space    used 4758K, capacity 5001K, committed 5040K, reserved 1048576K
Event: 7.590 GC heap after
Heap after GC invocations=10 (full 1):
 PSYoungGen      total 131584K, used 9202K [0x0000000787000000, 0x0000000790100000, 0x00000007c0000000)
  eden space 122368K, 0% used [0x0000000787000000,0x0000000787000000,0x000000078e780000)
  from space 9216K, 99% used [0x000000078e780000,0x000000078f07cb78,0x000000078f080000)
  to   space 11776K, 0% used [0x000000078f580000,0x000000078f580000,0x0000000790100000)
 ParOldGen       total 36352K, used 12975K [0x0000000715000000, 0x0000000717380000, 0x0000000787000000)
  object space 36352K, 35% used [0x0000000715000000,0x0000000715cabfc0,0x0000000717380000)
 Metaspace       used 34192K, capacity 34814K, committed 34992K, reserved 1079296K
  class space    used 4758K, capacity 5001K, committed 5040K, reserved 1048576K
}
Event: 7.666 GC heap before
{Heap before GC invocations=11 (full 1):
 PSYoungGen      total 131584K, used 13500K [0x0000000787000000, 0x0000000790100000, 0x00000007c0000000)
  eden space 122368K, 3% used [0x0000000787000000,0x0000000787432878,0x000000078e780000)
  from space 9216K, 99% used [0x000000078e780000,0x000000078f07cb78,0x000000078f080000)
  to   space 11776K, 0% used [0x000000078f580000,0x000000078f580000,0x0000000790100000)
 ParOldGen       total 36352K, used 12975K [0x0000000715000000, 0x0000000717380000, 0x0000000787000000)
  object space 36352K, 35% used [0x0000000715000000,0x0000000715cabfc0,0x0000000717380000)
 Metaspace       used 34611K, capacity 35230K, committed 35496K, reserved 1079296K
  class space    used 4816K, capacity 5033K, committed 5040K, reserved 1048576K
Event: 7.678 GC heap after
Heap after GC invocations=11 (full 1):
 PSYoungGen      total 137216K, used 4435K [0x0000000787000000, 0x0000000793480000, 0x00000007c0000000)
  eden space 125440K, 0% used [0x0000000787000000,0x0000000787000000,0x000000078ea80000)
  from space 11776K, 37% used [0x000000078f580000,0x000000078f9d4ce8,0x0000000790100000)
  to   space 11264K, 0% used [0x000000078ea80000,0x000000078ea80000,0x000000078f580000)
 ParOldGen       total 36352K, used 16132K [0x0000000715000000, 0x0000000717380000, 0x0000000787000000)
  object space 36352K, 44% used [0x0000000715000000,0x0000000715fc1300,0x0000000717380000)
 Metaspace       used 34611K, capacity 35230K, committed 35496K, reserved 1079296K
  class space    used 4816K, capacity 5033K, committed 5040K, reserved 1048576K
}
Event: 7.678 GC heap before
{Heap before GC invocations=12 (full 2):
 PSYoungGen      total 137216K, used 4435K [0x0000000787000000, 0x0000000793480000, 0x00000007c0000000)
  eden space 125440K, 0% used [0x0000000787000000,0x0000000787000000,0x000000078ea80000)
  from space 11776K, 37% used [0x000000078f580000,0x000000078f9d4ce8,0x0000000790100000)
  to   space 11264K, 0% used [0x000000078ea80000,0x000000078ea80000,0x000000078f580000)
 ParOldGen       total 36352K, used 16132K [0x0000000715000000, 0x0000000717380000, 0x0000000787000000)
  object space 36352K, 44% used [0x0000000715000000,0x0000000715fc1300,0x0000000717380000)
 Metaspace       used 34611K, capacity 35230K, committed 35496K, reserved 1079296K
  class space    used 4816K, capacity 5033K, committed 5040K, reserved 1048576K
Event: 7.742 GC heap after
Heap after GC invocations=12 (full 2):
 PSYoungGen      total 137216K, used 0K [0x0000000787000000, 0x0000000793480000, 0x00000007c0000000)
  eden space 125440K, 0% used [0x0000000787000000,0x0000000787000000,0x000000078ea80000)
  from space 11776K, 0% used [0x000000078f580000,0x000000078f580000,0x0000000790100000)
  to   space 11264K, 0% used [0x000000078ea80000,0x000000078ea80000,0x000000078f580000)
 ParOldGen       total 48128K, used 14345K [0x0000000715000000, 0x0000000717f00000, 0x0000000787000000)
  object space 48128K, 29% used [0x0000000715000000,0x0000000715e02520,0x0000000717f00000)
 Metaspace       used 34611K, capacity 35230K, committed 35496K, reserved 1079296K
  class space    used 4816K, capacity 5033K, committed 5040K, reserved 1048576K
}

