# JRE version: OpenJDK Runtime Environment (8.0_152-b01) (build 1.8.0_152-release-1248-b01)
# Java VM: OpenJDK 64-Bit Server VM (25.152-b01 mixed mode windows-amd64 compressed oops)
Heap:
 PSYoungGen      total 140288K, used 42230K [0x0000000787000000, 0x0000000793300000, 0x00000007c0000000)
  eden space 128512K, 32% used [0x0000000787000000,0x000000078993d888,0x000000078ed80000)
  from space 11776K, 0% used [0x000000078f880000,0x000000078f880000,0x0000000790400000)
  to   space 11264K, 0% used [0x000000078ed80000,0x000000078ed80000,0x000000078f880000)
 ParOldGen       total 50688K, used 15142K [0x0000000715000000, 0x0000000718180000, 0x0000000787000000)
  object space 50688K, 29% used [0x0000000715000000,0x0000000715ec99c8,0x0000000718180000)
 Metaspace       used 39165K, capacity 39870K, committed 40192K, reserved 1083392K
  class space    used 5376K, capacity 5615K, committed 5632K, reserved 1048576K
GC Heap History (10 events):
Event: 3.476 GC heap before
{Heap before GC invocations=8 (full 1):
 PSYoungGen      total 70144K, used 7486K [0x0000000787000000, 0x000000078fb00000, 0x00000007c0000000)
  eden space 62464K, 0% used [0x0000000787000000,0x0000000787000000,0x000000078ad00000)
  from space 7680K, 97% used [0x000000078ad00000,0x000000078b44fb70,0x000000078b480000)
  to   space 8704K, 0% used [0x000000078f280000,0x000000078f280000,0x000000078fb00000)
 ParOldGen       total 42496K, used 7425K [0x0000000715000000, 0x0000000717980000, 0x0000000787000000)
  object space 42496K, 17% used [0x0000000715000000,0x0000000715740738,0x0000000717980000)
 Metaspace       used 20641K, capacity 21128K, committed 21296K, reserved 1067008K
  class space    used 2907K, capacity 3091K, committed 3200K, reserved 1048576K
Event: 3.524 GC heap after
Heap after GC invocations=8 (full 1):
 PSYoungGen      total 70144K, used 0K [0x0000000787000000, 0x000000078fb00000, 0x00000007c0000000)
  eden space 62464K, 0% used [0x0000000787000000,0x0000000787000000,0x000000078ad00000)
  from space 7680K, 0% used [0x000000078ad00000,0x000000078ad00000,0x000000078b480000)
  to   space 8704K, 0% used [0x000000078f280000,0x000000078f280000,0x000000078fb00000)
 ParOldGen       total 36352K, used 9879K [0x0000000715000000, 0x0000000717380000, 0x0000000787000000)
  object space 36352K, 27% used [0x0000000715000000,0x00000007159a5ff0,0x0000000717380000)
 Metaspace       used 20641K, capacity 21128K, committed 21296K, reserved 1067008K
  class space    used 2907K, capacity 3091K, committed 3200K, reserved 1048576K
}
Event: 4.468 GC heap before
{Heap before GC invocations=9 (full 1):
 PSYoungGen      total 70144K, used 62464K [0x0000000787000000, 0x000000078fb00000, 0x00000007c0000000)
  eden space 62464K, 100% used [0x0000000787000000,0x000000078ad00000,0x000000078ad00000)
  from space 7680K, 0% used [0x000000078ad00000,0x000000078ad00000,0x000000078b480000)
  to   space 8704K, 0% used [0x000000078f280000,0x000000078f280000,0x000000078fb00000)
 ParOldGen       total 36352K, used 9879K [0x0000000715000000, 0x0000000717380000, 0x0000000787000000)
  object space 36352K, 27% used [0x0000000715000000,0x00000007159a5ff0,0x0000000717380000)
 Metaspace       used 26568K, capacity 26994K, committed 27264K, reserved 1073152K
  class space    used 3707K, capacity 3870K, committed 3968K, reserved 1048576K
Event: 4.484 GC heap after
Heap after GC invocations=9 (full 1):
 PSYoungGen      total 103936K, used 6219K [0x0000000787000000, 0x000000078f900000, 0x00000007c0000000)
  eden space 97280K, 0% used [0x0000000787000000,0x0000000787000000,0x000000078cf00000)
  from space 6656K, 93% used [0x000000078f280000,0x000000078f892fd8,0x000000078f900000)
  to   space 8704K, 0% used [0x000000078e800000,0x000000078e800000,0x000000078f080000)
 ParOldGen       total 36352K, used 9887K [0x0000000715000000, 0x0000000717380000, 0x0000000787000000)
  object space 36352K, 27% used [0x0000000715000000,0x00000007159a7ff0,0x0000000717380000)
 Metaspace       used 26568K, capacity 26994K, committed 27264K, reserved 1073152K
  class space    used 3707K, capacity 3870K, committed 3968K, reserved 1048576K
}
Event: 6.408 GC heap before
{Heap before GC invocations=10 (full 1):
 PSYoungGen      total 103936K, used 103499K [0x0000000787000000, 0x000000078f900000, 0x00000007c0000000)
  eden space 97280K, 100% used [0x0000000787000000,0x000000078cf00000,0x000000078cf00000)
  from space 6656K, 93% used [0x000000078f280000,0x000000078f892fd8,0x000000078f900000)
  to   space 8704K, 0% used [0x000000078e800000,0x000000078e800000,0x000000078f080000)
 ParOldGen       total 36352K, used 9887K [0x0000000715000000, 0x0000000717380000, 0x0000000787000000)
  object space 36352K, 27% used [0x0000000715000000,0x00000007159a7ff0,0x0000000717380000)
 Metaspace       used 33404K, capacity 34050K, committed 34176K, reserved 1079296K
  class space    used 4672K, capacity 4894K, committed 4992K, reserved 1048576K
Event: 6.424 GC heap after
Heap after GC invocations=10 (full 1):
 PSYoungGen      total 131584K, used 8684K [0x0000000787000000, 0x0000000790400000, 0x00000007c0000000)
  eden space 122880K, 0% used [0x0000000787000000,0x0000000787000000,0x000000078e800000)
  from space 8704K, 99% used [0x000000078e800000,0x000000078f07b108,0x000000078f080000)
  to   space 11776K, 0% used [0x000000078f880000,0x000000078f880000,0x0000000790400000)
 ParOldGen       total 36352K, used 13664K [0x0000000715000000, 0x0000000717380000, 0x0000000787000000)
  object space 36352K, 37% used [0x0000000715000000,0x0000000715d58378,0x0000000717380000)
 Metaspace       used 33404K, capacity 34050K, committed 34176K, reserved 1079296K
  class space    used 4672K, capacity 4894K, committed 4992K, reserved 1048576K
}
Event: 6.573 GC heap before
{Heap before GC invocations=11 (full 1):
 PSYoungGen      total 131584K, used 15333K [0x0000000787000000, 0x0000000790400000, 0x00000007c0000000)
  eden space 122880K, 5% used [0x0000000787000000,0x000000078767e6a8,0x000000078e800000)
  from space 8704K, 99% used [0x000000078e800000,0x000000078f07b108,0x000000078f080000)
  to   space 11776K, 0% used [0x000000078f880000,0x000000078f880000,0x0000000790400000)
 ParOldGen       total 36352K, used 13664K [0x0000000715000000, 0x0000000717380000, 0x0000000787000000)
  object space 36352K, 37% used [0x0000000715000000,0x0000000715d58378,0x0000000717380000)
 Metaspace       used 34724K, capacity 35444K, committed 35496K, reserved 1079296K
  class space    used 4854K, capacity 5082K, committed 5120K, reserved 1048576K
Event: 6.591 GC heap after
Heap after GC invocations=11 (full 1):
 PSYoungGen      total 140288K, used 5904K [0x0000000787000000, 0x0000000793300000, 0x00000007c0000000)
  eden space 128512K, 0% used [0x0000000787000000,0x0000000787000000,0x000000078ed80000)
  from space 11776K, 50% used [0x000000078f880000,0x000000078fe44010,0x0000000790400000)
  to   space 11264K, 0% used [0x000000078ed80000,0x000000078ed80000,0x000000078f880000)
 ParOldGen       total 36352K, used 16117K [0x0000000715000000, 0x0000000717380000, 0x0000000787000000)
  object space 36352K, 44% used [0x0000000715000000,0x0000000715fbd658,0x0000000717380000)
 Metaspace       used 34724K, capacity 35444K, committed 35496K, reserved 1079296K
  class space    used 4854K, capacity 5082K, committed 5120K, reserved 1048576K
}
Event: 6.591 GC heap before
{Heap before GC invocations=12 (full 2):
 PSYoungGen      total 140288K, used 5904K [0x0000000787000000, 0x0000000793300000, 0x00000007c0000000)
  eden space 128512K, 0% used [0x0000000787000000,0x0000000787000000,0x000000078ed80000)
  from space 11776K, 50% used [0x000000078f880000,0x000000078fe44010,0x0000000790400000)
  to   space 11264K, 0% used [0x000000078ed80000,0x000000078ed80000,0x000000078f880000)
 ParOldGen       total 36352K, used 16117K [0x0000000715000000, 0x0000000717380000, 0x0000000787000000)
  object space 36352K, 44% used [0x0000000715000000,0x0000000715fbd658,0x0000000717380000)
 Metaspace       used 34724K, capacity 35444K, committed 35496K, reserved 1079296K
  class space    used 4854K, capacity 5082K, committed 5120K, reserved 1048576K
Event: 6.674 GC heap after
Heap after GC invocations=12 (full 2):
 PSYoungGen      total 140288K, used 0K [0x0000000787000000, 0x0000000793300000, 0x00000007c0000000)
  eden space 128512K, 0% used [0x0000000787000000,0x0000000787000000,0x000000078ed80000)
  from space 11776K, 0% used [0x000000078f880000,0x000000078f880000,0x0000000790400000)
  to   space 11264K, 0% used [0x000000078ed80000,0x000000078ed80000,0x000000078f880000)
 ParOldGen       total 50688K, used 15142K [0x0000000715000000, 0x0000000718180000, 0x0000000787000000)
  object space 50688K, 29% used [0x0000000715000000,0x0000000715ec99c8,0x0000000718180000)
 Metaspace       used 34724K, capacity 35444K, committed 35496K, reserved 1079296K
  class space    used 4854K, capacity 5082K, committed 5120K, reserved 1048576K
}

